
> ai-in-mining-blog@0.0.1 build
> astro build

14:37:40 [@astrojs/netlify] Enabling sessions with Netlify Blobs
14:37:41 [content] Syncing content
14:37:41 [content] Synced content
14:37:41 [types] Generated 1.06s
14:37:41 [build] output: "static"
14:37:41 [build] mode: "server"
14:37:41 [build] directory: /home/jgrah/Blog_EI_Safety/ai-in-mining-blog/dist/
14:37:41 [build] adapter: @astrojs/netlify
14:37:41 [build] Collecting build info...
14:37:41 [build] ✓ Completed in 1.14s.
14:37:41 [build] Building server entrypoints...
14:37:44 [ERROR] [vite] ✗ Build failed in 2.78s
[ImageNotFound] [commonjs--resolver] Could not find requested image `../../assets/cabin-creek-banner.png`. Does it exist?
  Hint:
    This is often caused by a typo in the image path. Please make sure the file exists, and is spelled correctly.
  Error reference:
    https://docs.astro.build/en/reference/errors/image-not-found/
  Location:
    /home/jgrah/Blog_EI_Safety/ai-in-mining-blog/node_modules/astro/dist/content/vite-plugin-content-assets.js:40:19
  Stack trace:
    at Object.handler (file:///home/jgrah/Blog_EI_Safety/ai-in-mining-blog/node_modules/astro/dist/content/vite-plugin-content-assets.js:40:19)
    at async resolveId (file:///home/jgrah/Blog_EI_Safety/ai-in-mining-blog/node_modules/rollup/dist/es/shared/node-entry.js:20912:26)
    at async Object.resolveId (file:///home/jgrah/Blog_EI_Safety/ai-in-mining-blog/node_modules/astro/node_modules/vite/dist/node/chunks/config.js:4154:21)
    at async resolveId (file:///home/jgrah/Blog_EI_Safety/ai-in-mining-blog/node_modules/rollup/dist/es/shared/node-entry.js:20912:26)
    at async file:///home/jgrah/Blog_EI_Safety/ai-in-mining-blog/node_modules/rollup/dist/es/shared/node-entry.js:21670:50
